Determining if the function sgemm_ exists failed with the following output:
Change Dir: D:/home-security-backend/raspberry/dlib-19.24.0/build/temp.win-amd64-cpython-310/Release/CMakeFiles/CMakeTmp

Run Build Command(s):C:/Program Files/Microsoft Visual Studio/2022/Community/MSBuild/Current/Bin/amd64/MSBuild.exe cmTC_a0e29.vcxproj /p:Configuration=Debug /p:Platform=x64 /p:VisualStudioVersion=17.0 /v:m && MSBuild version 17.3.0+f67e3d35e for .NET Framework
  Microsoft (R) C/C++ Optimizing Compiler Version 19.33.31629 for x64
  Copyright (C) Microsoft Corporation.  All rights reserved.
  CheckFunctionExists.c
  cl /c /Zi /W3 /WX- /diagnostics:column /Od /Ob0 /D _MBCS /D WIN32 /D _WINDOWS /D CHECK_FUNCTION_EXISTS=sgemm_ /D "CMAKE_INTDIR=\"Debug\"" /Gm- /RTC1 /MDd /GS /fp:precise /Zc:wchar_t /Zc:forScope /Zc:inline /Fo"cmTC_a0e29.dir\Debug\\" /Fd"cmTC_a0e29.dir\Debug\vc143.pdb" /external:W3 /Gd /TC /errorReport:queue "C:\Users\nguye\AppData\Local\Programs\Python\Python310\Lib\site-packages\cmake\data\share\cmake-3.24\Modules\CheckFunctionExists.c"
CheckFunctionExists.obj : error LNK2019: unresolved external symbol sgemm_ referenced in function main [D:\home-security-backend\raspberry\dlib-19.24.0\build\temp.win-amd64-cpython-310\Release\CMakeFiles\CMakeTmp\cmTC_a0e29.vcxproj]
D:\home-security-backend\raspberry\dlib-19.24.0\build\temp.win-amd64-cpython-310\Release\CMakeFiles\CMakeTmp\Debug\cmTC_a0e29.exe : fatal error LNK1120: 1 unresolved externals [D:\home-security-backend\raspberry\dlib-19.24.0\build\temp.win-amd64-cpython-310\Release\CMakeFiles\CMakeTmp\cmTC_a0e29.vcxproj]



Performing C SOURCE FILE Test CMAKE_HAVE_LIBC_PTHREAD failed with the following output:
Change Dir: D:/home-security-backend/raspberry/dlib-19.24.0/build/temp.win-amd64-cpython-310/Release/CMakeFiles/CMakeTmp

Run Build Command(s):C:/Program Files/Microsoft Visual Studio/2022/Community/MSBuild/Current/Bin/amd64/MSBuild.exe cmTC_0b160.vcxproj /p:Configuration=Debug /p:Platform=x64 /p:VisualStudioVersion=17.0 /v:m && MSBuild version 17.3.0+f67e3d35e for .NET Framework
  Microsoft (R) C/C++ Optimizing Compiler Version 19.33.31629 for x64
  Copyright (C) Microsoft Corporation.  All rights reserved.
  src.c
  cl /c /Zi /W3 /WX- /diagnostics:column /Od /Ob0 /D _MBCS /D WIN32 /D _WINDOWS /D CMAKE_HAVE_LIBC_PTHREAD /D "CMAKE_INTDIR=\"Debug\"" /Gm- /RTC1 /MDd /GS /fp:precise /Zc:wchar_t /Zc:forScope /Zc:inline /Fo"cmTC_0b160.dir\Debug\\" /Fd"cmTC_0b160.dir\Debug\vc143.pdb" /external:W3 /Gd /TC /errorReport:queue "D:\home-security-backend\raspberry\dlib-19.24.0\build\temp.win-amd64-cpython-310\Release\CMakeFiles\CMakeTmp\src.c"
D:\home-security-backend\raspberry\dlib-19.24.0\build\temp.win-amd64-cpython-310\Release\CMakeFiles\CMakeTmp\src.c(1,10): fatal  error C1083: Cannot open include file: 'pthread.h': No such file or directory [D:\home-security-backend\raspberry\dlib-19.24.0\build\temp.win-amd64-cpython-310\Release\CMakeFiles\CMakeTmp\cmTC_0b160.vcxproj]


Source file was:
#include <pthread.h>

static void* test_func(void* data)
{
  return data;
}

int main(void)
{
  pthread_t thread;
  pthread_create(&thread, NULL, test_func, NULL);
  pthread_detach(thread);
  pthread_cancel(thread);
  pthread_join(thread, NULL);
  pthread_atfork(NULL, NULL, NULL);
  pthread_exit(NULL);

  return 0;
}

Determining if the function pthread_create exists in the pthreads failed with the following output:
Change Dir: D:/home-security-backend/raspberry/dlib-19.24.0/build/temp.win-amd64-cpython-310/Release/CMakeFiles/CMakeTmp

Run Build Command(s):C:/Program Files/Microsoft Visual Studio/2022/Community/MSBuild/Current/Bin/amd64/MSBuild.exe cmTC_e1afc.vcxproj /p:Configuration=Debug /p:Platform=x64 /p:VisualStudioVersion=17.0 /v:m && MSBuild version 17.3.0+f67e3d35e for .NET Framework
  Microsoft (R) C/C++ Optimizing Compiler Version 19.33.31629 for x64
  Copyright (C) Microsoft Corporation.  All rights reserved.
  CheckFunctionExists.c
  cl /c /Zi /W3 /WX- /diagnostics:column /Od /Ob0 /D _MBCS /D WIN32 /D _WINDOWS /D CHECK_FUNCTION_EXISTS=pthread_create /D "CMAKE_INTDIR=\"Debug\"" /Gm- /RTC1 /MDd /GS /fp:precise /Zc:wchar_t /Zc:forScope /Zc:inline /Fo"cmTC_e1afc.dir\Debug\\" /Fd"cmTC_e1afc.dir\Debug\vc143.pdb" /external:W3 /Gd /TC /errorReport:queue "C:\Users\nguye\AppData\Local\Programs\Python\Python310\Lib\site-packages\cmake\data\share\cmake-3.24\Modules\CheckFunctionExists.c"
LINK : fatal error LNK1104: cannot open file 'pthreads.lib' [D:\home-security-backend\raspberry\dlib-19.24.0\build\temp.win-amd64-cpython-310\Release\CMakeFiles\CMakeTmp\cmTC_e1afc.vcxproj]



Determining if the function pthread_create exists in the pthread failed with the following output:
Change Dir: D:/home-security-backend/raspberry/dlib-19.24.0/build/temp.win-amd64-cpython-310/Release/CMakeFiles/CMakeTmp

Run Build Command(s):C:/Program Files/Microsoft Visual Studio/2022/Community/MSBuild/Current/Bin/amd64/MSBuild.exe cmTC_09566.vcxproj /p:Configuration=Debug /p:Platform=x64 /p:VisualStudioVersion=17.0 /v:m && MSBuild version 17.3.0+f67e3d35e for .NET Framework
  Microsoft (R) C/C++ Optimizing Compiler Version 19.33.31629 for x64
  Copyright (C) Microsoft Corporation.  All rights reserved.
  CheckFunctionExists.c
  cl /c /Zi /W3 /WX- /diagnostics:column /Od /Ob0 /D _MBCS /D WIN32 /D _WINDOWS /D CHECK_FUNCTION_EXISTS=pthread_create /D "CMAKE_INTDIR=\"Debug\"" /Gm- /RTC1 /MDd /GS /fp:precise /Zc:wchar_t /Zc:forScope /Zc:inline /Fo"cmTC_09566.dir\Debug\\" /Fd"cmTC_09566.dir\Debug\vc143.pdb" /external:W3 /Gd /TC /errorReport:queue "C:\Users\nguye\AppData\Local\Programs\Python\Python310\Lib\site-packages\cmake\data\share\cmake-3.24\Modules\CheckFunctionExists.c"
LINK : fatal error LNK1104: cannot open file 'pthread.lib' [D:\home-security-backend\raspberry\dlib-19.24.0\build\temp.win-amd64-cpython-310\Release\CMakeFiles\CMakeTmp\cmTC_09566.vcxproj]



